*** Using Compiler 'V5.06 update 5 (build 528)', folder: 'D:\Keil5\ARM\ARMCC\Bin'
Rebuild target 'NewLegends_Gimbal_Board'
assembling startup_stm32f407xx.s...
compiling crc.c...
../Inc/main.h(35): warning:  #1295-D: Deprecated declaration Task_init - give arg types
  void Task_init();
../Src/crc.c: 1 warning, 0 errors
compiling adc.c...
../Inc/main.h(35): warning:  #1295-D: Deprecated declaration Task_init - give arg types
  void Task_init();
../Src/adc.c: 1 warning, 0 errors
compiling usbd_desc.c...
../Inc/main.h(35): warning:  #1295-D: Deprecated declaration Task_init - give arg types
  void Task_init();
../Src/usbd_desc.c: 1 warning, 0 errors
compiling freertos.c...
../Inc/main.h(35): warning:  #1295-D: Deprecated declaration Task_init - give arg types
  void Task_init();
../Src/freertos.c: 1 warning, 0 errors
compiling tim.c...
../Inc/main.h(35): warning:  #1295-D: Deprecated declaration Task_init - give arg types
  void Task_init();
../Src/tim.c: 1 warning, 0 errors
compiling stm32f4xx_hal_pcd_ex.c...
compiling i2c.c...
../Inc/main.h(35): warning:  #1295-D: Deprecated declaration Task_init - give arg types
  void Task_init();
../Src/i2c.c: 1 warning, 0 errors
compiling spi.c...
../Inc/main.h(35): warning:  #1295-D: Deprecated declaration Task_init - give arg types
  void Task_init();
../Src/spi.c: 1 warning, 0 errors
compiling main.c...
../Inc/main.h(35): warning:  #1295-D: Deprecated declaration Task_init - give arg types
  void Task_init();
../Src/main.c: 1 warning, 0 errors
compiling usart.c...
../Inc/main.h(35): warning:  #1295-D: Deprecated declaration Task_init - give arg types
  void Task_init();
../Src/usart.c: 1 warning, 0 errors
compiling gpio.c...
../Inc/main.h(35): warning:  #1295-D: Deprecated declaration Task_init - give arg types
  void Task_init();
../Src/gpio.c: 1 warning, 0 errors
compiling stm32f4xx_it.c...
../Inc/main.h(35): warning:  #1295-D: Deprecated declaration Task_init - give arg types
  void Task_init();
../Src/stm32f4xx_it.c: 1 warning, 0 errors
compiling rtc.c...
../Inc/main.h(35): warning:  #1295-D: Deprecated declaration Task_init - give arg types
  void Task_init();
../Src/rtc.c: 1 warning, 0 errors
compiling usbd_cdc_if.c...
../Inc/main.h(35): warning:  #1295-D: Deprecated declaration Task_init - give arg types
  void Task_init();
../Src/usbd_cdc_if.c: 1 warning, 0 errors
compiling usb_device.c...
../Inc/main.h(35): warning:  #1295-D: Deprecated declaration Task_init - give arg types
  void Task_init();
../Src/usb_device.c: 1 warning, 0 errors
compiling can.c...
../Inc/main.h(35): warning:  #1295-D: Deprecated declaration Task_init - give arg types
  void Task_init();
../Src/can.c: 1 warning, 0 errors
compiling dma.c...
../Inc/main.h(35): warning:  #1295-D: Deprecated declaration Task_init - give arg types
  void Task_init();
../Src/dma.c: 1 warning, 0 errors
compiling stm32f4xx_hal_rcc_ex.c...
compiling stm32f4xx_hal_msp.c...
../Inc/main.h(35): warning:  #1295-D: Deprecated declaration Task_init - give arg types
  void Task_init();
../Src/stm32f4xx_hal_msp.c: 1 warning, 0 errors
compiling stm32f4xx_hal_pcd.c...
compiling rng.c...
../Inc/main.h(35): warning:  #1295-D: Deprecated declaration Task_init - give arg types
  void Task_init();
../Src/rng.c: 1 warning, 0 errors
compiling usbd_conf.c...
../Inc/main.h(35): warning:  #1295-D: Deprecated declaration Task_init - give arg types
  void Task_init();
../Src/usbd_conf.c: 1 warning, 0 errors
compiling stm32f4xx_hal_rcc.c...
compiling stm32f4xx_hal_flash_ramfunc.c...
compiling stm32f4xx_hal_flash.c...
compiling stm32f4xx_hal_flash_ex.c...
compiling stm32f4xx_ll_usb.c...
compiling stm32f4xx_hal_gpio.c...
compiling stm32f4xx_hal_pwr.c...
compiling stm32f4xx_hal_dma.c...
compiling stm32f4xx_ll_adc.c...
compiling stm32f4xx_hal_dma_ex.c...
compiling stm32f4xx_hal_pwr_ex.c...
compiling stm32f4xx_hal.c...
compiling stm32f4xx_hal_cortex.c...
compiling stm32f4xx_hal_exti.c...
compiling stm32f4xx_hal_crc.c...
compiling stm32f4xx_hal_i2c_ex.c...
compiling stm32f4xx_hal_adc.c...
compiling stm32f4xx_hal_rng.c...
compiling stm32f4xx_hal_adc_ex.c...
compiling stm32f4xx_hal_can.c...
compiling croutine.c...
compiling event_groups.c...
compiling stm32f4xx_hal_rtc.c...
compiling list.c...
compiling heap_4.c...
compiling timers.c...
compiling stm32f4xx_hal_rtc_ex.c...
compiling stream_buffer.c...
compiling queue.c...
compiling system_stm32f4xx.c...
compiling stm32f4xx_hal_spi.c...
compiling stm32f4xx_hal_tim_ex.c...
compiling tasks.c...
compiling cmsis_os.c...
compiling port.c...
compiling stm32f4xx_hal_uart.c...
compiling detect_task.cpp...
compiling usbd_core.c...
../Inc/main.h(35): warning:  #1295-D: Deprecated declaration Task_init - give arg types
  void Task_init();
../Middlewares/ST/STM32_USB_Device_Library/Core/Src/usbd_core.c: 1 warning, 0 errors
compiling interact_task.cpp...
compiling usbd_ioreq.c...
../Inc/main.h(35): warning:  #1295-D: Deprecated declaration Task_init - give arg types
  void Task_init();
../Middlewares/ST/STM32_USB_Device_Library/Core/Src/usbd_ioreq.c: 1 warning, 0 errors
compiling usbd_cdc.c...
../Inc/main.h(35): warning:  #1295-D: Deprecated declaration Task_init - give arg types
  void Task_init();
../Middlewares/ST/STM32_USB_Device_Library/Class/CDC/Src/usbd_cdc.c: 1 warning, 0 errors
compiling usbd_ctlreq.c...
../Inc/main.h(35): warning:  #1295-D: Deprecated declaration Task_init - give arg types
  void Task_init();
../Middlewares/ST/STM32_USB_Device_Library/Core/Src/usbd_ctlreq.c: 1 warning, 0 errors
compiling communicate_task.cpp...
compiling stm32f4xx_hal_i2c.c...
compiling First_order_filter.cpp...
compiling gimbal_task.cpp...
../user_code/componet/support/user_lib.h(11): warning:  #47-D: incompatible redefinition of macro "PI"  (declared at line 21 of "../user_code/componet/include/struct_typedef.h")
  #define PI 3.14159265358979f
../user_code/module/gimbal.h(124): warning:  #47-D: incompatible redefinition of macro "GIMBAL_CONTROL_TIME"  (declared at line 115)
  #define GIMBAL_CONTROL_TIME 0.001f
../user_code/module/gimbal.h(172): warning:  #47-D: incompatible redefinition of macro "GIMBAL_CALI_STEP_TIME"  (declared at line 171)
  #define GIMBAL_CALI_STEP_TIME 0.1f
..\user_code\application\gimbal_task.cpp: 3 warnings, 0 errors
compiling First_high_pass_filter.cpp...
compiling ins_task.cpp...
../user_code/componet/support/user_lib.h(11): warning:  #47-D: incompatible redefinition of macro "PI"  (declared at line 21 of "../user_code/componet/include/struct_typedef.h")
  #define PI 3.14159265358979f
../user_code/module/gimbal.h(124): warning:  #47-D: incompatible redefinition of macro "GIMBAL_CONTROL_TIME"  (declared at line 115)
  #define GIMBAL_CONTROL_TIME 0.001f
../user_code/module/gimbal.h(172): warning:  #47-D: incompatible redefinition of macro "GIMBAL_CALI_STEP_TIME"  (declared at line 171)
  #define GIMBAL_CALI_STEP_TIME 0.1f
..\user_code\application\ins_task.cpp: 3 warnings, 0 errors
compiling stm32f4xx_hal_tim.c...
compiling auto_shoot_task.cpp...
../user_code/componet/support/user_lib.h(11): warning:  #47-D: incompatible redefinition of macro "PI"  (declared at line 21 of "../user_code/componet/include/struct_typedef.h")
  #define PI 3.14159265358979f
..\user_code\application\auto_shoot_task.cpp: 1 warning, 0 errors
compiling calibrate_task.cpp...
../user_code/componet/support/user_lib.h(11): warning:  #47-D: incompatible redefinition of macro "PI"  (declared at line 21 of "../user_code/componet/include/struct_typedef.h")
  #define PI 3.14159265358979f
../user_code/module/gimbal.h(124): warning:  #47-D: incompatible redefinition of macro "GIMBAL_CONTROL_TIME"  (declared at line 115)
  #define GIMBAL_CONTROL_TIME 0.001f
../user_code/module/gimbal.h(172): warning:  #47-D: incompatible redefinition of macro "GIMBAL_CALI_STEP_TIME"  (declared at line 171)
  #define GIMBAL_CALI_STEP_TIME 0.1f
..\user_code\application\calibrate_task.cpp(243): warning:  #144-D: a value of type "bool_t (*)(uint32_t *, bool_t)" cannot be used to initialize an entity of type "void *"
  void *cali_hook_fun[CALI_LIST_LENGHT] = {cali_head_hook, cali_gimbal_hook, cali_gyro_hook, 
ULL, 
ULL};
..\user_code\application\calibrate_task.cpp(243): warning:  #144-D: a value of type "bool_t (*)(uint32_t *, bool_t)" cannot be used to initialize an entity of type "void *"
  void *cali_hook_fun[CALI_LIST_LENGHT] = {cali_head_hook, cali_gimbal_hook, cali_gyro_hook, 
ULL, 
ULL};
..\user_code\application\calibrate_task.cpp(243): warning:  #144-D: a value of type "bool_t (*)(uint32_t *, bool_t)" cannot be used to initialize an entity of type "void *"
  void *cali_hook_fun[CALI_LIST_LENGHT] = {cali_head_hook, cali_gimbal_hook, cali_gyro_hook, 
ULL, 
ULL};
..\user_code\application\calibrate_task.cpp: 6 warnings, 0 errors
compiling shoot_task.cpp...
../user_code/componet/support/user_lib.h(11): warning:  #47-D: incompatible redefinition of macro "PI"  (declared at line 21 of "../user_code/componet/include/struct_typedef.h")
  #define PI 3.14159265358979f
..\user_code\application\shoot_task.h(47): warning:  #47-D: incompatible redefinition of macro "SHOOT_CONTROL_TIME"  (declared at line 42 of "../user_code/module/Shoot.h")
  #define SHOOT_CONTROL_TIME 1
..\user_code\application\shoot_task.cpp: 2 warnings, 0 errors
compiling start_task.cpp...
../user_code/componet/support/user_lib.h(11): warning:  #47-D: incompatible redefinition of macro "PI"  (declared at line 21 of "../user_code/componet/include/struct_typedef.h")
  #define PI 3.14159265358979f
../user_code/module/gimbal.h(124): warning:  #47-D: incompatible redefinition of macro "GIMBAL_CONTROL_TIME"  (declared at line 115)
  #define GIMBAL_CONTROL_TIME 0.001f
../user_code/module/gimbal.h(172): warning:  #47-D: incompatible redefinition of macro "GIMBAL_CALI_STEP_TIME"  (declared at line 171)
  #define GIMBAL_CALI_STEP_TIME 0.1f
..\user_code\application\shoot_task.h(47): warning:  #47-D: incompatible redefinition of macro "SHOOT_CONTROL_TIME"  (declared at line 42 of "../user_code/module/Shoot.h")
  #define SHOOT_CONTROL_TIME 1
..\user_code\application\start_task.cpp: 4 warnings, 0 errors
compiling Interact.cpp...
..\user_code\module\Interact.cpp(38): warning:  #177-D: variable "i"  was declared but never referenced
      uint16_t i = 0, j = 0;
..\user_code\module\Interact.cpp(38): warning:  #177-D: variable "j"  was declared but never referenced
      uint16_t i = 0, j = 0;
..\user_code\module\Interact.cpp(39): warning:  #177-D: variable "delta_alpha"  was declared but never referenced
      fp32 delta_alpha, delta_red, delta_green, delta_blue;
..\user_code\module\Interact.cpp(39): warning:  #177-D: variable "delta_red"  was declared but never referenced
      fp32 delta_alpha, delta_red, delta_green, delta_blue;
..\user_code\module\Interact.cpp(39): warning:  #177-D: variable "delta_green"  was declared but never referenced
      fp32 delta_alpha, delta_red, delta_green, delta_blue;
..\user_code\module\Interact.cpp(39): warning:  #177-D: variable "delta_blue"  was declared but never referenced
      fp32 delta_alpha, delta_red, delta_green, delta_blue;
..\user_code\module\Interact.cpp(40): warning:  #177-D: variable "alpha"  was declared but never referenced
      fp32 alpha, red, green, blue;
..\user_code\module\Interact.cpp(40): warning:  #177-D: variable "red"  was declared but never referenced
      fp32 alpha, red, green, blue;
..\user_code\module\Interact.cpp(40): warning:  #177-D: variable "green"  was declared but never referenced
      fp32 alpha, red, green, blue;
..\user_code\module\Interact.cpp(40): warning:  #177-D: variable "blue"  was declared but never referenced
      fp32 alpha, red, green, blue;
..\user_code\module\Interact.cpp(41): warning:  #177-D: variable "aRGB"  was declared but never referenced
      uint32_t aRGB;
..\user_code\module\Interact.cpp: 11 warnings, 0 errors
compiling Communicate.cpp...
../user_code/componet/support/user_lib.h(11): warning:  #47-D: incompatible redefinition of macro "PI"  (declared at line 21 of "../user_code/componet/include/struct_typedef.h")
  #define PI 3.14159265358979f
..\user_code\module\Gimbal.h(124): warning:  #47-D: incompatible redefinition of macro "GIMBAL_CONTROL_TIME"  (declared at line 115)
  #define GIMBAL_CONTROL_TIME 0.001f
..\user_code\module\Gimbal.h(172): warning:  #47-D: incompatible redefinition of macro "GIMBAL_CALI_STEP_TIME"  (declared at line 171)
  #define GIMBAL_CALI_STEP_TIME 0.1f
..\user_code\module\Communicate.cpp(162): warning:  #550-D: variable "this_time_rx_len"  was set but never used
              static uint16_t this_time_rx_len = 0;
..\user_code\module\Communicate.cpp(236): warning:  #69-D: integer conversion resulted in truncation
                  detect_hook(CAN_LEFT_FRIC_MOTOR_ID);
..\user_code\module\Communicate.cpp(241): warning:  #69-D: integer conversion resulted in truncation
                  detect_hook(CAN_RIGHT_FRIC_MOTOR_ID);
..\user_code\module\Communicate.cpp(250): warning:  #69-D: integer conversion resulted in truncation
                  detect_hook(CAN_TRIGGER_MOTOR_ID);
..\user_code\module\Communicate.cpp(254): warning:  #69-D: integer conversion resulted in truncation
                  detect_hook(CAN_COVER_MOTOR_ID);
..\user_code\module\Communicate.cpp: 8 warnings, 0 errors
compiling ist8310driver.c...
compiling Pid.cpp...
../user_code/componet/support/user_lib.h(11): warning:  #47-D: incompatible redefinition of macro "PI"  (declared at line 21 of "../user_code/componet/include/struct_typedef.h")
  #define PI 3.14159265358979f
..\user_code\algorithm\Pid.cpp(164): warning:  #1-D: last line of file ends without a newline
  }
..\user_code\algorithm\Pid.cpp: 2 warnings, 0 errors
compiling Shoot.cpp...
../user_code/componet/support/user_lib.h(11): warning:  #47-D: incompatible redefinition of macro "PI"  (declared at line 21 of "../user_code/componet/include/struct_typedef.h")
  #define PI 3.14159265358979f
..\user_code\module\Gimbal.h(124): warning:  #47-D: incompatible redefinition of macro "GIMBAL_CONTROL_TIME"  (declared at line 115)
  #define GIMBAL_CONTROL_TIME 0.001f
..\user_code\module\Gimbal.h(172): warning:  #47-D: incompatible redefinition of macro "GIMBAL_CALI_STEP_TIME"  (declared at line 171)
  #define GIMBAL_CALI_STEP_TIME 0.1f
..\user_code\module\Shoot.cpp(53): warning:  #1035-D: single-precision operand implicitly converted to double-precision
  fp32 shoot_fric_grade[4] = {0, 14.6 * fric_refree_para, 16 * fric_refree_para, 23.5 * fric_refree_para};
..\user_code\module\Shoot.cpp(53): warning:  #1035-D: single-precision operand implicitly converted to double-precision
  fp32 shoot_fric_grade[4] = {0, 14.6 * fric_refree_para, 16 * fric_refree_para, 23.5 * fric_refree_para};
..\user_code\module\Shoot.cpp(745): warning:  #550-D: variable "shoot_cooling_rate"  was set but never used
      uint16_t shoot_cooling_rate;
..\user_code\module\Shoot.cpp(537): warning:  #177-D: variable "last_cover_key_value"  was declared but never referenced
  static uint16_t last_cover_key_value = 0;
..\user_code\module\Shoot.cpp: 7 warnings, 0 errors
compiling Gimbal.cpp...
../user_code/componet/support/user_lib.h(11): warning:  #47-D: incompatible redefinition of macro "PI"  (declared at line 21 of "../user_code/componet/include/struct_typedef.h")
  #define PI 3.14159265358979f
..\user_code\module\Gimbal.h(124): warning:  #47-D: incompatible redefinition of macro "GIMBAL_CONTROL_TIME"  (declared at line 115)
  #define GIMBAL_CONTROL_TIME 0.001f
..\user_code\module\Gimbal.h(172): warning:  #47-D: incompatible redefinition of macro "GIMBAL_CALI_STEP_TIME"  (declared at line 171)
  #define GIMBAL_CALI_STEP_TIME 0.1f
..\user_code\module\Gimbal.cpp(1182): warning:  #174-D: expression has no effect
          gimbal_mode == GIMBAL_FREE;
..\user_code\module\Gimbal.cpp(1228): warning:  #940-D: missing return statement at end of non-void function "Gimbal::int_fabs" 
  }
..\user_code\module\Gimbal.cpp(1250): warning:  #68-D: integer conversion resulted in a change of sign
          gimbal_swing_lr == 1 ? gimbal_swing_lr = -1 : gimbal_swing_lr = 1; // 改变摆头方向
..\user_code\module\Gimbal.cpp: 6 warnings, 0 errors
compiling INS.cpp...
..\user_code\module\INS.cpp(99): warning:  #47-D: incompatible redefinition of macro "BMI088_BOARD_INSTALL_SPIN_MATRIX"  (declared at line 97 of "..\user_code\module\INS.h")
  #define BMI088_BOARD_INSTALL_SPIN_MATRIX \
..\user_code\module\INS.cpp(106): warning:  #47-D: incompatible redefinition of macro "IST8310_BOARD_INSTALL_SPIN_MATRIX"  (declared at line 103 of "..\user_code\module\INS.h")
  #define IST8310_BOARD_INSTALL_SPIN_MATRIX \
..\user_code\module\INS.cpp(553): warning:  #1-D: last line of file ends without a newline
  }
..\user_code\module\INS.cpp(70): warning:  #177-D: variable "imu_temp_PID"  was declared but never referenced
  static const fp32 imu_temp_PID[3] = {TEMPERATURE_PID_KP, TEMPERATURE_PID_KI, TEMPERATURE_PID_KD};
..\user_code\module\INS.cpp: 4 warnings, 0 errors
compiling Led.cpp...
compiling Remote_control.cpp...
compiling CRC8_CRC16.c...
../Inc/main.h(35): warning:  #1295-D: Deprecated declaration Task_init - give arg types
  void Task_init();
..\user_code\componet\support\CRC8_CRC16.c: 1 warning, 0 errors
compiling Can_receive.cpp...
../Inc/can.h(34): warning:  #337-D: linkage specification is incompatible with previous "hcan1"  (declared at line 8 of "..\user_code\protocol\Can_receive.h")
  extern CAN_HandleTypeDef hcan1;
../Inc/can.h(35): warning:  #337-D: linkage specification is incompatible with previous "hcan2"  (declared at line 9 of "..\user_code\protocol\Can_receive.h")
  extern CAN_HandleTypeDef hcan2;
..\user_code\protocol\Can_receive.cpp: 2 warnings, 0 errors
compiling Motor.cpp...
../user_code/componet/support/user_lib.h(11): warning:  #47-D: incompatible redefinition of macro "PI"  (declared at line 21 of "../user_code/componet/include/struct_typedef.h")
  #define PI 3.14159265358979f
../user_code/module/gimbal.h(124): warning:  #47-D: incompatible redefinition of macro "GIMBAL_CONTROL_TIME"  (declared at line 115)
  #define GIMBAL_CONTROL_TIME 0.001f
../user_code/module/gimbal.h(172): warning:  #47-D: incompatible redefinition of macro "GIMBAL_CALI_STEP_TIME"  (declared at line 171)
  #define GIMBAL_CALI_STEP_TIME 0.1f
..\user_code\device\Motor.cpp: 3 warnings, 0 errors
compiling vision.cpp...
../user_code/componet/support/user_lib.h(11): warning:  #47-D: incompatible redefinition of macro "PI"  (declared at line 21 of "../user_code/componet/include/struct_typedef.h")
  #define PI 3.14159265358979f
../user_code/module/gimbal.h(124): warning:  #47-D: incompatible redefinition of macro "GIMBAL_CONTROL_TIME"  (declared at line 115)
  #define GIMBAL_CONTROL_TIME 0.001f
../user_code/module/gimbal.h(172): warning:  #47-D: incompatible redefinition of macro "GIMBAL_CALI_STEP_TIME"  (declared at line 171)
  #define GIMBAL_CALI_STEP_TIME 0.1f
..\user_code\protocol\vision.cpp(132): warning:  #177-D: variable "shoot_speed_limit"  was declared but never referenced
    uint16_t shoot_speed_limit;
..\user_code\protocol\vision.cpp(133): warning:  #177-D: variable "bullet_speed"  was declared but never referenced
    uint16_t bullet_speed;
..\user_code\protocol\vision.cpp(221): warning:  #1-D: last line of file ends without a newline
  }
..\user_code\protocol\vision.cpp: 6 warnings, 0 errors
compiling ist8310driver_middleware.c...
../Inc/main.h(35): warning:  #1295-D: Deprecated declaration Task_init - give arg types
  void Task_init();
..\user_code\componet\support\ist8310driver_middleware.c: 1 warning, 0 errors
compiling fifo.c...
compiling mem_mang4.c...
compiling AHRS_middleware.c...
../Inc/main.h(35): warning:  #1295-D: Deprecated declaration Task_init - give arg types
  void Task_init();
..\user_code\componet\support\AHRS_middleware.c: 1 warning, 0 errors
compiling bsp_adc.c...
../Inc/main.h(35): warning:  #1295-D: Deprecated declaration Task_init - give arg types
  void Task_init();
..\user_code\bsp\bsp_adc.c: 1 warning, 0 errors
compiling user_lib.cpp...
..\user_code\componet\support\user_lib.h(11): warning:  #47-D: incompatible redefinition of macro "PI"  (declared at line 21 of "../user_code/componet/include/struct_typedef.h")
  #define PI 3.14159265358979f
..\user_code\componet\support\user_lib.cpp: 1 warning, 0 errors
compiling BMI088Middleware.c...
../Inc/main.h(35): warning:  #1295-D: Deprecated declaration Task_init - give arg types
  void Task_init();
..\user_code\componet\support\BMI088Middleware.c: 1 warning, 0 errors
compiling BMI088driver.c...
../Inc/main.h(35): warning:  #1295-D: Deprecated declaration Task_init - give arg types
  void Task_init();
..\user_code\componet\support\BMI088driver.c: 1 warning, 0 errors
compiling bsp_flash.c...
../Inc/main.h(35): warning:  #1295-D: Deprecated declaration Task_init - give arg types
  void Task_init();
..\user_code\bsp\bsp_flash.c: 1 warning, 0 errors
compiling bsp_can.c...
../Inc/main.h(35): warning:  #1295-D: Deprecated declaration Task_init - give arg types
  void Task_init();
..\user_code\bsp\bsp_can.c: 1 warning, 0 errors
compiling bsp_crc32.c...
../Inc/main.h(35): warning:  #1295-D: Deprecated declaration Task_init - give arg types
  void Task_init();
..\user_code\bsp\bsp_crc32.c: 1 warning, 0 errors
compiling bsp_servo_pwm.c...
../Inc/main.h(35): warning:  #1295-D: Deprecated declaration Task_init - give arg types
  void Task_init();
..\user_code\bsp\bsp_servo_pwm.c: 1 warning, 0 errors
compiling bsp_delay.c...
../Inc/main.h(35): warning:  #1295-D: Deprecated declaration Task_init - give arg types
  void Task_init();
..\user_code\bsp\bsp_delay.c: 1 warning, 0 errors
compiling bsp_buzzer.c...
../Inc/main.h(35): warning:  #1295-D: Deprecated declaration Task_init - give arg types
  void Task_init();
..\user_code\bsp\bsp_buzzer.c: 1 warning, 0 errors
compiling bsp_led.c...
../Inc/main.h(35): warning:  #1295-D: Deprecated declaration Task_init - give arg types
  void Task_init();
..\user_code\bsp\bsp_led.c: 1 warning, 0 errors
compiling bsp_imu_pwm.c...
../Inc/main.h(35): warning:  #1295-D: Deprecated declaration Task_init - give arg types
  void Task_init();
..\user_code\bsp\bsp_imu_pwm.c: 1 warning, 0 errors
compiling bsp_fric.c...
../Inc/main.h(35): warning:  #1295-D: Deprecated declaration Task_init - give arg types
  void Task_init();
..\user_code\bsp\bsp_fric.c: 1 warning, 0 errors
compiling bsp_rng.c...
../Inc/main.h(35): warning:  #1295-D: Deprecated declaration Task_init - give arg types
  void Task_init();
..\user_code\bsp\bsp_rng.c: 1 warning, 0 errors
compiling bsp_usart.c...
../Inc/main.h(35): warning:  #1295-D: Deprecated declaration Task_init - give arg types
  void Task_init();
..\user_code\bsp\bsp_usart.c: 1 warning, 0 errors
compiling bsp_i2c.c...
../Inc/main.h(35): warning:  #1295-D: Deprecated declaration Task_init - give arg types
  void Task_init();
..\user_code\bsp\bsp_i2c.c: 1 warning, 0 errors
compiling bsp_laser.c...
../Inc/main.h(35): warning:  #1295-D: Deprecated declaration Task_init - give arg types
  void Task_init();
..\user_code\bsp\bsp_laser.c: 1 warning, 0 errors
compiling bsp_rc.c...
../Inc/main.h(35): warning:  #1295-D: Deprecated declaration Task_init - give arg types
  void Task_init();
..\user_code\bsp\bsp_rc.c: 1 warning, 0 errors
compiling bsp_spi.c...
../Inc/main.h(35): warning:  #1295-D: Deprecated declaration Task_init - give arg types
  void Task_init();
..\user_code\bsp\bsp_spi.c: 1 warning, 0 errors
linking...
Program Size: Code=61688 RO-data=3032 RW-data=668 ZI-data=50788  
FromELF: creating hex file...
".\NewLegends_Gimbal_Board\gyro.axf" - 0 Error(s), 113 Warning(s).
Build Time Elapsed:  00:00:04
